Analysis & Synthesis report for Group_16
Mon Aug 01 19:02:34 2016
Quartus II 32-bit Version 13.1.0 Build 162 10/23/2013 SJ Web Edition


---------------------
; Table of Contents ;
---------------------
  1. Legal Notice
  2. Analysis & Synthesis Summary
  3. Analysis & Synthesis Settings
  4. Parallel Compilation
  5. Analysis & Synthesis Source Files Read
  6. Analysis & Synthesis Resource Usage Summary
  7. Analysis & Synthesis Resource Utilization by Entity
  8. State Machine - |Group_16|fsm:inst|CS
  9. Registers Removed During Synthesis
 10. Removed Registers Triggering Further Register Optimizations
 11. General Register Statistics
 12. Elapsed Time Per Partition
 13. Analysis & Synthesis Messages



----------------
; Legal Notice ;
----------------
Copyright (C) 1991-2013 Altera Corporation
Your use of Altera Corporation's design tools, logic functions 
and other software and tools, and its AMPP partner logic 
functions, and any output files from any of the foregoing 
(including device programming or simulation files), and any 
associated documentation or information are expressly subject 
to the terms and conditions of the Altera Program License 
Subscription Agreement, Altera MegaCore Function License 
Agreement, or other applicable license agreement, including, 
without limitation, that your use is for the sole purpose of 
programming logic devices manufactured by Altera and sold by 
Altera or its authorized distributors.  Please refer to the 
applicable agreement for further details.



+---------------------------------------------------------------------------------+
; Analysis & Synthesis Summary                                                    ;
+------------------------------------+--------------------------------------------+
; Analysis & Synthesis Status        ; Successful - Mon Aug 01 19:02:34 2016      ;
; Quartus II 32-bit Version          ; 13.1.0 Build 162 10/23/2013 SJ Web Edition ;
; Revision Name                      ; Group_16                                   ;
; Top-level Entity Name              ; Group_16                                   ;
; Family                             ; Cyclone III                                ;
; Total logic elements               ; 8                                          ;
;     Total combinational functions  ; 0                                          ;
;     Dedicated logic registers      ; 8                                          ;
; Total registers                    ; 8                                          ;
; Total pins                         ; 10                                         ;
; Total virtual pins                 ; 0                                          ;
; Total memory bits                  ; 0                                          ;
; Embedded Multiplier 9-bit elements ; 0                                          ;
; Total PLLs                         ; 0                                          ;
+------------------------------------+--------------------------------------------+


+----------------------------------------------------------------------------------------------------------------------+
; Analysis & Synthesis Settings                                                                                        ;
+----------------------------------------------------------------------------+--------------------+--------------------+
; Option                                                                     ; Setting            ; Default Value      ;
+----------------------------------------------------------------------------+--------------------+--------------------+
; Top-level entity name                                                      ; Group_16           ; Group_16           ;
; Family name                                                                ; Cyclone III        ; Cyclone IV GX      ;
; Use smart compilation                                                      ; Off                ; Off                ;
; Enable parallel Assembler and TimeQuest Timing Analyzer during compilation ; On                 ; On                 ;
; Enable compact report table                                                ; Off                ; Off                ;
; Restructure Multiplexers                                                   ; Auto               ; Auto               ;
; Create Debugging Nodes for IP Cores                                        ; Off                ; Off                ;
; Preserve fewer node names                                                  ; On                 ; On                 ;
; Disable OpenCore Plus hardware evaluation                                  ; Off                ; Off                ;
; Verilog Version                                                            ; Verilog_2001       ; Verilog_2001       ;
; VHDL Version                                                               ; VHDL_1993          ; VHDL_1993          ;
; State Machine Processing                                                   ; Auto               ; Auto               ;
; Safe State Machine                                                         ; Off                ; Off                ;
; Extract Verilog State Machines                                             ; On                 ; On                 ;
; Extract VHDL State Machines                                                ; On                 ; On                 ;
; Ignore Verilog initial constructs                                          ; Off                ; Off                ;
; Iteration limit for constant Verilog loops                                 ; 5000               ; 5000               ;
; Iteration limit for non-constant Verilog loops                             ; 250                ; 250                ;
; Add Pass-Through Logic to Inferred RAMs                                    ; On                 ; On                 ;
; Infer RAMs from Raw Logic                                                  ; On                 ; On                 ;
; Parallel Synthesis                                                         ; On                 ; On                 ;
; DSP Block Balancing                                                        ; Auto               ; Auto               ;
; NOT Gate Push-Back                                                         ; On                 ; On                 ;
; Power-Up Don't Care                                                        ; On                 ; On                 ;
; Remove Redundant Logic Cells                                               ; Off                ; Off                ;
; Remove Duplicate Registers                                                 ; On                 ; On                 ;
; Ignore CARRY Buffers                                                       ; Off                ; Off                ;
; Ignore CASCADE Buffers                                                     ; Off                ; Off                ;
; Ignore GLOBAL Buffers                                                      ; Off                ; Off                ;
; Ignore ROW GLOBAL Buffers                                                  ; Off                ; Off                ;
; Ignore LCELL Buffers                                                       ; Off                ; Off                ;
; Ignore SOFT Buffers                                                        ; On                 ; On                 ;
; Limit AHDL Integers to 32 Bits                                             ; Off                ; Off                ;
; Optimization Technique                                                     ; Balanced           ; Balanced           ;
; Carry Chain Length                                                         ; 70                 ; 70                 ;
; Auto Carry Chains                                                          ; On                 ; On                 ;
; Auto Open-Drain Pins                                                       ; On                 ; On                 ;
; Perform WYSIWYG Primitive Resynthesis                                      ; Off                ; Off                ;
; Auto ROM Replacement                                                       ; On                 ; On                 ;
; Auto RAM Replacement                                                       ; On                 ; On                 ;
; Auto DSP Block Replacement                                                 ; On                 ; On                 ;
; Auto Shift Register Replacement                                            ; Auto               ; Auto               ;
; Allow Shift Register Merging across Hierarchies                            ; Auto               ; Auto               ;
; Auto Clock Enable Replacement                                              ; On                 ; On                 ;
; Strict RAM Replacement                                                     ; Off                ; Off                ;
; Allow Synchronous Control Signals                                          ; On                 ; On                 ;
; Force Use of Synchronous Clear Signals                                     ; Off                ; Off                ;
; Auto RAM Block Balancing                                                   ; On                 ; On                 ;
; Auto RAM to Logic Cell Conversion                                          ; Off                ; Off                ;
; Auto Resource Sharing                                                      ; Off                ; Off                ;
; Allow Any RAM Size For Recognition                                         ; Off                ; Off                ;
; Allow Any ROM Size For Recognition                                         ; Off                ; Off                ;
; Allow Any Shift Register Size For Recognition                              ; Off                ; Off                ;
; Use LogicLock Constraints during Resource Balancing                        ; On                 ; On                 ;
; Ignore translate_off and synthesis_off directives                          ; Off                ; Off                ;
; Timing-Driven Synthesis                                                    ; On                 ; On                 ;
; Report Parameter Settings                                                  ; On                 ; On                 ;
; Report Source Assignments                                                  ; On                 ; On                 ;
; Report Connectivity Checks                                                 ; On                 ; On                 ;
; Ignore Maximum Fan-Out Assignments                                         ; Off                ; Off                ;
; Synchronization Register Chain Length                                      ; 2                  ; 2                  ;
; PowerPlay Power Optimization                                               ; Normal compilation ; Normal compilation ;
; HDL message level                                                          ; Level2             ; Level2             ;
; Suppress Register Optimization Related Messages                            ; Off                ; Off                ;
; Number of Removed Registers Reported in Synthesis Report                   ; 5000               ; 5000               ;
; Number of Swept Nodes Reported in Synthesis Report                         ; 5000               ; 5000               ;
; Number of Inverted Registers Reported in Synthesis Report                  ; 100                ; 100                ;
; Clock MUX Protection                                                       ; On                 ; On                 ;
; Auto Gated Clock Conversion                                                ; Off                ; Off                ;
; Block Design Naming                                                        ; Auto               ; Auto               ;
; SDC constraint protection                                                  ; Off                ; Off                ;
; Synthesis Effort                                                           ; Auto               ; Auto               ;
; Shift Register Replacement - Allow Asynchronous Clear Signal               ; On                 ; On                 ;
; Pre-Mapping Resynthesis Optimization                                       ; Off                ; Off                ;
; Analysis & Synthesis Message Level                                         ; Medium             ; Medium             ;
; Disable Register Merging Across Hierarchies                                ; Auto               ; Auto               ;
; Resource Aware Inference For Block RAM                                     ; On                 ; On                 ;
; Synthesis Seed                                                             ; 1                  ; 1                  ;
+----------------------------------------------------------------------------+--------------------+--------------------+


Parallel compilation was disabled, but you have multiple processors available. Enable parallel compilation to reduce compilation time.
+-------------------------------------+
; Parallel Compilation                ;
+----------------------------+--------+
; Processors                 ; Number ;
+----------------------------+--------+
; Number detected on machine ; 8      ;
; Maximum allowed            ; 1      ;
+----------------------------+--------+


+----------------------------------------------------------------------------------------------------------------------------------------------------------------------+
; Analysis & Synthesis Source Files Read                                                                                                                               ;
+----------------------------------+-----------------+------------------------------------+------------------------------------------------------------------+---------+
; File Name with User-Entered Path ; Used in Netlist ; File Type                          ; File Name with Absolute Path                                     ; Library ;
+----------------------------------+-----------------+------------------------------------+------------------------------------------------------------------+---------+
; Group_16.vhd                     ; yes             ; User VHDL File                     ; C:/Users/WindowsUser/Documents/GitHub/UART_Receiver/Group_16.vhd ;         ;
; Group_16.bdf                     ; yes             ; User Block Diagram/Schematic File  ; C:/Users/WindowsUser/Documents/GitHub/UART_Receiver/Group_16.bdf ;         ;
+----------------------------------+-----------------+------------------------------------+------------------------------------------------------------------+---------+


+---------------------------------------------------------+
; Analysis & Synthesis Resource Usage Summary             ;
+---------------------------------------------+-----------+
; Resource                                    ; Usage     ;
+---------------------------------------------+-----------+
; Estimated Total logic elements              ; 8         ;
;                                             ;           ;
; Total combinational functions               ; 0         ;
; Logic element usage by number of LUT inputs ;           ;
;     -- 4 input functions                    ; 0         ;
;     -- 3 input functions                    ; 0         ;
;     -- <=2 input functions                  ; 0         ;
;                                             ;           ;
; Logic elements by mode                      ;           ;
;     -- normal mode                          ; 0         ;
;     -- arithmetic mode                      ; 0         ;
;                                             ;           ;
; Total registers                             ; 8         ;
;     -- Dedicated logic registers            ; 8         ;
;     -- I/O registers                        ; 0         ;
;                                             ;           ;
; I/O pins                                    ; 10        ;
; Embedded Multiplier 9-bit elements          ; 0         ;
; Maximum fan-out node                        ; clk~input ;
; Maximum fan-out                             ; 8         ;
; Total fan-out                               ; 34        ;
; Average fan-out                             ; 1.21      ;
+---------------------------------------------+-----------+


+-----------------------------------------------------------------------------------------------------------------------------------------------------------------------------------+
; Analysis & Synthesis Resource Utilization by Entity                                                                                                                               ;
+----------------------------+-------------------+--------------+-------------+--------------+---------+-----------+------+--------------+---------------------------+--------------+
; Compilation Hierarchy Node ; LC Combinationals ; LC Registers ; Memory Bits ; DSP Elements ; DSP 9x9 ; DSP 18x18 ; Pins ; Virtual Pins ; Full Hierarchy Name       ; Library Name ;
+----------------------------+-------------------+--------------+-------------+--------------+---------+-----------+------+--------------+---------------------------+--------------+
; |Group_16                  ; 0 (0)             ; 8 (0)        ; 0           ; 0            ; 0       ; 0         ; 10   ; 0            ; |Group_16                 ; work         ;
;    |shift_reg:inst8|       ; 0 (0)             ; 8 (8)        ; 0           ; 0            ; 0       ; 0         ; 0    ; 0            ; |Group_16|shift_reg:inst8 ; work         ;
+----------------------------+-------------------+--------------+-------------+--------------+---------+-----------+------+--------------+---------------------------+--------------+
Note: For table entries with two numbers listed, the numbers in parentheses indicate the number of resources of the given type used by the specific entity alone. The numbers listed outside of parentheses indicate the total resources of the given type used by the specific entity and all of its sub-entities in the hierarchy.


Encoding Type:  One-Hot
+---------------------------------------------------+
; State Machine - |Group_16|fsm:inst|CS             ;
+----------+---------+---------+----------+---------+
; Name     ; CS.stop ; CS.data ; CS.start ; CS.idle ;
+----------+---------+---------+----------+---------+
; CS.idle  ; 0       ; 0       ; 0        ; 0       ;
; CS.start ; 0       ; 0       ; 1        ; 1       ;
; CS.data  ; 0       ; 1       ; 0        ; 1       ;
; CS.stop  ; 1       ; 0       ; 0        ; 1       ;
+----------+---------+---------+----------+---------+


+---------------------------------------------------------------------------------+
; Registers Removed During Synthesis                                              ;
+----------------------------------------+----------------------------------------+
; Register name                          ; Reason for Removal                     ;
+----------------------------------------+----------------------------------------+
; n_counter:inst6|n_cnt[0..3]            ; Stuck at GND due to stuck port data_in ;
; s_counter:inst7|s_cnt[0..3]            ; Lost fanout                            ;
; fsm:inst|CS.idle                       ; Lost fanout                            ;
; fsm:inst|CS.start                      ; Lost fanout                            ;
; fsm:inst|CS.data                       ; Lost fanout                            ;
; fsm:inst|CS.stop                       ; Lost fanout                            ;
; Total Number of Removed Registers = 12 ;                                        ;
+----------------------------------------+----------------------------------------+


+----------------------------------------------------------------------------------------------------+
; Removed Registers Triggering Further Register Optimizations                                        ;
+--------------------------+--------------------+----------------------------------------------------+
; Register name            ; Reason for Removal ; Registers Removed due to This Register             ;
+--------------------------+--------------------+----------------------------------------------------+
; s_counter:inst7|s_cnt[1] ; Lost Fanouts       ; s_counter:inst7|s_cnt[2], s_counter:inst7|s_cnt[3] ;
; s_counter:inst7|s_cnt[0] ; Lost Fanouts       ; fsm:inst|CS.idle                                   ;
+--------------------------+--------------------+----------------------------------------------------+


+------------------------------------------------------+
; General Register Statistics                          ;
+----------------------------------------------+-------+
; Statistic                                    ; Value ;
+----------------------------------------------+-------+
; Total registers                              ; 8     ;
; Number of registers using Synchronous Clear  ; 0     ;
; Number of registers using Synchronous Load   ; 0     ;
; Number of registers using Asynchronous Clear ; 0     ;
; Number of registers using Asynchronous Load  ; 0     ;
; Number of registers using Clock Enable       ; 0     ;
; Number of registers using Preset             ; 0     ;
+----------------------------------------------+-------+


+-------------------------------+
; Elapsed Time Per Partition    ;
+----------------+--------------+
; Partition Name ; Elapsed Time ;
+----------------+--------------+
; Top            ; 00:00:01     ;
+----------------+--------------+


+-------------------------------+
; Analysis & Synthesis Messages ;
+-------------------------------+
Info: *******************************************************************
Info: Running Quartus II 32-bit Analysis & Synthesis
    Info: Version 13.1.0 Build 162 10/23/2013 SJ Web Edition
    Info: Processing started: Mon Aug 01 19:02:27 2016
Info: Command: quartus_map --read_settings_files=on --write_settings_files=off UART_Design -c Group_16
Warning (20028): Parallel compilation is not licensed and has been disabled
Info (12021): Found 14 design units, including 7 entities, in source file group_16.vhd
    Info (12022): Found design unit 1: s_counter-beh
    Info (12022): Found design unit 2: n_counter-beh
    Info (12022): Found design unit 3: s_comp_7-beh
    Info (12022): Found design unit 4: s_comp_15-beh
    Info (12022): Found design unit 5: n_comp_7-beh
    Info (12022): Found design unit 6: shift_reg-beh
    Info (12022): Found design unit 7: fsm-beh
    Info (12023): Found entity 1: s_counter
    Info (12023): Found entity 2: n_counter
    Info (12023): Found entity 3: s_comp_7
    Info (12023): Found entity 4: s_comp_15
    Info (12023): Found entity 5: n_comp_7
    Info (12023): Found entity 6: shift_reg
    Info (12023): Found entity 7: fsm
Info (12021): Found 1 design units, including 1 entities, in source file group_16.bdf
    Info (12023): Found entity 1: Group_16
Info (12127): Elaborating entity "Group_16" for the top level hierarchy
Info (12128): Elaborating entity "shift_reg" for hierarchy "shift_reg:inst8"
Info (12128): Elaborating entity "fsm" for hierarchy "fsm:inst"
Warning (10492): VHDL Process Statement warning at Group_16.vhd(208): signal "rx" is read inside the Process Statement but isn't in the Process Statement's sensitivity list
Warning (10492): VHDL Process Statement warning at Group_16.vhd(214): signal "cmp7_s" is read inside the Process Statement but isn't in the Process Statement's sensitivity list
Warning (10492): VHDL Process Statement warning at Group_16.vhd(220): signal "cmp15_s" is read inside the Process Statement but isn't in the Process Statement's sensitivity list
Warning (10492): VHDL Process Statement warning at Group_16.vhd(220): signal "cmp7_n" is read inside the Process Statement but isn't in the Process Statement's sensitivity list
Warning (10492): VHDL Process Statement warning at Group_16.vhd(226): signal "cmp15_s" is read inside the Process Statement but isn't in the Process Statement's sensitivity list
Warning (10492): VHDL Process Statement warning at Group_16.vhd(240): signal "rx" is read inside the Process Statement but isn't in the Process Statement's sensitivity list
Warning (10492): VHDL Process Statement warning at Group_16.vhd(246): signal "cmp7_s" is read inside the Process Statement but isn't in the Process Statement's sensitivity list
Warning (10492): VHDL Process Statement warning at Group_16.vhd(253): signal "cmp7_n" is read inside the Process Statement but isn't in the Process Statement's sensitivity list
Warning (10492): VHDL Process Statement warning at Group_16.vhd(253): signal "cmp15_s" is read inside the Process Statement but isn't in the Process Statement's sensitivity list
Warning (10492): VHDL Process Statement warning at Group_16.vhd(256): signal "cmp7_n" is read inside the Process Statement but isn't in the Process Statement's sensitivity list
Warning (10492): VHDL Process Statement warning at Group_16.vhd(256): signal "cmp15_s" is read inside the Process Statement but isn't in the Process Statement's sensitivity list
Warning (10492): VHDL Process Statement warning at Group_16.vhd(264): signal "cmp15_s" is read inside the Process Statement but isn't in the Process Statement's sensitivity list
Warning (10631): VHDL Process Statement warning at Group_16.vhd(236): inferring latch(es) for signal or variable "reset_S", which holds its previous value in one or more paths through the process
Warning (10631): VHDL Process Statement warning at Group_16.vhd(236): inferring latch(es) for signal or variable "reset_N", which holds its previous value in one or more paths through the process
Warning (10631): VHDL Process Statement warning at Group_16.vhd(236): inferring latch(es) for signal or variable "enable_S", which holds its previous value in one or more paths through the process
Warning (10631): VHDL Process Statement warning at Group_16.vhd(236): inferring latch(es) for signal or variable "enable_shift", which holds its previous value in one or more paths through the process
Warning (10631): VHDL Process Statement warning at Group_16.vhd(236): inferring latch(es) for signal or variable "enable_N", which holds its previous value in one or more paths through the process
Info (10041): Inferred latch for "enable_N" at Group_16.vhd(236)
Info (10041): Inferred latch for "enable_shift" at Group_16.vhd(236)
Info (10041): Inferred latch for "enable_S" at Group_16.vhd(236)
Info (10041): Inferred latch for "reset_N" at Group_16.vhd(236)
Info (10041): Inferred latch for "reset_S" at Group_16.vhd(236)
Info (12128): Elaborating entity "s_comp_15" for hierarchy "s_comp_15:inst4"
Info (12128): Elaborating entity "s_counter" for hierarchy "s_counter:inst7"
Info (12128): Elaborating entity "s_comp_7" for hierarchy "s_comp_7:inst3"
Info (12128): Elaborating entity "n_comp_7" for hierarchy "n_comp_7:inst2"
Info (12128): Elaborating entity "n_counter" for hierarchy "n_counter:inst6"
Info (286030): Timing-Driven Synthesis is running
Info (17049): 8 registers lost all their fanouts during netlist optimizations.
Info (16010): Generating hard_block partition "hard_block:auto_generated_inst"
    Info (16011): Adding 0 node(s), including 0 DDIO, 0 PLL, 0 transceiver and 0 LCELL
Info (21057): Implemented 18 device resources after synthesis - the final resource count might be different
    Info (21058): Implemented 2 input pins
    Info (21059): Implemented 8 output pins
    Info (21061): Implemented 8 logic cells
Info: Quartus II 32-bit Analysis & Synthesis was successful. 0 errors, 18 warnings
    Info: Peak virtual memory: 430 megabytes
    Info: Processing ended: Mon Aug 01 19:02:34 2016
    Info: Elapsed time: 00:00:07
    Info: Total CPU time (on all processors): 00:00:05


